
================================================================
======== txAdmin Starting - 22/02/2024 17:48:43                 
================================================================
[17:55:39] txAdmin: Logger started
[17:59:53] txAdmin: Logger started
[18:09:45] txAdmin: Logger started
[18:11:33] txAdmin: Logger started

================================================================
======== txAdmin Starting - 22/02/2024 18:12:07                 
================================================================
[18:12:12] txAdmin: Logger started
[18:14:40] txAdmin: Logger started
[18:20:21] txAdmin: Logger started
[18:20:33] [AUnwg#1] Imersivo: joined with identifiers [steam:11000010210234b; license:15ceded070bea8a3f397f77fed017836e306eb6a; xbl:2533274835081284; live:389233051389053; discord:157983761026383872; license2:15ceded070bea8a3f397f77fed017836e306eb6a]
[18:26:33] [AUnwg#1] Imersivo: disconnected ([txAdmin] Servidor reiniciando (requested by byttencourt).)
[18:26:44] txAdmin: Logger started
[18:28:40] txAdmin: Logger started
[18:29:05] [Ecn9B#1] Imersivo: joined with identifiers [steam:11000010210234b; license:15ceded070bea8a3f397f77fed017836e306eb6a; xbl:2533274835081284; live:389233051389053; discord:157983761026383872; license2:15ceded070bea8a3f397f77fed017836e306eb6a]

================================================================
======== txAdmin Starting - 22/02/2024 18:30:15                 
================================================================
[18:30:20] txAdmin: Logger started

================================================================
======== txAdmin Starting - 22/02/2024 18:32:36                 
================================================================
[18:32:41] txAdmin: Logger started
[18:33:26] txAdmin: Logger started
[18:33:58] [zAgKg#1] Imersivo: joined with identifiers [steam:11000010210234b; license:15ceded070bea8a3f397f77fed017836e306eb6a; xbl:2533274835081284; live:389233051389053; discord:157983761026383872; license2:15ceded070bea8a3f397f77fed017836e306eb6a]
[18:36:09] [zAgKg#1] Imersivo: disconnected ([txAdmin] Servidor reiniciando (requested by byttencourt).)
[18:36:20] txAdmin: Logger started
[18:36:29] [yi4ff#1] Imersivo: joined with identifiers [steam:11000010210234b; license:15ceded070bea8a3f397f77fed017836e306eb6a; xbl:2533274835081284; live:389233051389053; discord:157983761026383872; license2:15ceded070bea8a3f397f77fed017836e306eb6a]
[19:40:49] [yi4ff#1] Imersivo: said "/togglechat"
[19:41:32] [yi4ff#1] Imersivo: said "/showui"
[19:42:40] [yi4ff#1] Imersivo: said "/togglechat"
[19:42:48] [yi4ff#1] Imersivo: said "/showui"

================================================================
======== txAdmin Starting - 22/02/2024 19:49:45                 
================================================================
[19:49:52] txAdmin: Logger started
[20:23:39] txAdmin: Logger started
[20:28:07] [btYT6#1] Imersivo: joined with identifiers [steam:11000010210234b; license:15ceded070bea8a3f397f77fed017836e306eb6a; xbl:2533274835081284; live:389233051389053; discord:157983761026383872; license2:15ceded070bea8a3f397f77fed017836e306eb6a]
[20:34:30] [btYT6#1] Imersivo: said "/togglechat"
[20:34:39] [btYT6#1] Imersivo: said "/togglechat"
[20:34:46] [btYT6#1] Imersivo: said "/togglechat"
[20:34:55] [btYT6#1] Imersivo: said "/togglechat"
[20:34:56] [btYT6#1] Imersivo: said "/showui"
[20:37:01] [btYT6#1] Imersivo: died from suicide (Fall)
[20:37:13] [btYT6#1] Imersivo: said "/chamarmedico"
[21:26:02] [btYT6#1] Imersivo: disconnected (Exiting)
